<?xml version="1.0" encoding="UTF-8"?>
<!-- Generated by org.testng.reporters.JUnitReportReporter -->
<testsuite hostname="CXWINLT114" failures="0" tests="3" name="Test_scenario.MenuOptionCheck" time="51.242" errors="0" timestamp="2022-12-07T08:35:43 IST" skipped="0">
  <testcase classname="Test_scenario.MenuOptionCheck" name="menuOptionsTest" time="16.010"/>
  <system-out/>
  <testcase classname="Test_scenario.MenuOptionCheck" name="paginationTestForEmployee" time="21.968"/>
  <system-out/>
  <testcase classname="Test_scenario.MenuOptionCheck" name="fetchEmployeeFromPage" time="13.264"/>
  <system-out/>
</testsuite> <!-- Test_scenario.MenuOptionCheck -->
