<?xml version="1.0" encoding="UTF-8"?>
<!-- Generated by org.testng.reporters.JUnitReportReporter -->
<testsuite hostname="CXWINLT114" failures="0" tests="4" name="Test_scenario.LoginTest" time="57.474" errors="0" timestamp="2022-11-26T07:45:50 IST" skipped="0">
  <testcase classname="Test_scenario.LoginTest" name="login_test" time="16.849"/>
  <system-out/>
  <testcase classname="Test_scenario.LoginTest" name="login_test_wrongEmail" time="13.591"/>
  <system-out/>
  <testcase classname="Test_scenario.LoginTest" name="login_test_wrongPassword" time="13.424"/>
  <system-out/>
  <testcase classname="Test_scenario.LoginTest" name="login_test_blank" time="13.610"/>
  <system-out/>
</testsuite> <!-- Test_scenario.LoginTest -->
