<?xml version="1.0" encoding="UTF-8"?>
<!-- Generated by org.testng.reporters.JUnitReportReporter -->
<testsuite hostname="CXWINLT114" failures="0" tests="1" name="Test_scenario.TrainigModule" time="11.746" errors="0" timestamp="2023-01-23T18:59:49 IST" skipped="0">
  <testcase classname="Test_scenario.TrainigModule" name="f" time="11.746"/>
  <system-out/>
</testsuite> <!-- Test_scenario.TrainigModule -->
