<?xml version="1.0" encoding="UTF-8"?>
<!-- Generated by org.testng.reporters.JUnitReportReporter -->
<testsuite hostname="CXWINLT114" failures="0" tests="1" name="Test_scenario.NewTest" time="8.661" errors="0" timestamp="2023-01-23T15:27:26 IST" skipped="0">
  <testcase classname="Test_scenario.NewTest" name="screenShot" time="8.661"/>
  <system-out/>
</testsuite> <!-- Test_scenario.NewTest -->
